SF:lib/src/eeg/eeg_data.dart
DA:9,9
DA:43,2
DA:44,2
DA:45,4
DA:46,4
DA:47,2
DA:50,6
DA:51,3
DA:52,3
DA:53,3
DA:54,3
DA:55,3
DA:56,3
DA:57,3
DA:60,7
DA:80,7
DA:81,7
DA:82,1
DA:85,7
DA:86,7
DA:87,7
DA:88,7
DA:89,7
DA:90,7
DA:91,7
DA:92,7
DA:93,7
DA:94,7
DA:95,7
DA:96,7
DA:97,4
DA:98,8
DA:99,4
DA:101,7
DA:103,7
DA:107,6
DA:110,0
DA:111,0
DA:112,0
DA:118,3
DA:119,3
DA:120,3
DA:121,3
DA:122,3
DA:123,3
DA:124,12
DA:125,12
DA:126,3
DA:130,5
DA:132,2
DA:133,2
DA:134,2
DA:135,2
DA:136,2
DA:137,1
DA:138,1
DA:139,1
DA:140,1
DA:141,1
DA:142,1
DA:143,1
DA:144,1
LF:62
LH:59
end_of_record
SF:lib/src/state/eeg_store.dart
DA:11,5
DA:12,4
DA:26,4
DA:27,4
DA:28,2
DA:29,0
DA:30,2
DA:34,4
DA:36,5
DA:37,8
DA:38,10
DA:43,0
DA:45,0
DA:46,0
DA:47,0
DA:48,0
DA:50,2
DA:51,6
DA:54,1
DA:55,1
DA:56,1
DA:61,1
DA:62,1
DA:63,1
DA:64,1
DA:65,1
DA:67,1
DA:69,1
DA:70,1
DA:71,1
DA:73,0
DA:74,0
DA:75,0
DA:77,0
DA:80,1
DA:81,1
DA:87,1
DA:88,1
DA:90,1
DA:91,1
DA:92,2
DA:94,2
DA:95,1
DA:96,1
DA:99,2
DA:100,1
DA:101,1
DA:103,0
DA:104,0
DA:111,3
DA:115,10
DA:116,3
DA:117,9
DA:118,11
DA:119,3
DA:120,12
DA:127,3
DA:128,3
DA:130,1
DA:133,2
DA:134,2
DA:135,2
DA:136,2
DA:138,2
DA:140,0
DA:141,4
DA:142,6
DA:143,2
DA:145,2
DA:147,2
DA:148,2
DA:149,1
DA:155,4
DA:156,4
DA:158,4
DA:159,4
DA:160,4
DA:161,4
DA:162,8
DA:163,12
DA:164,4
DA:165,4
DA:169,2
DA:170,4
DA:172,2
DA:173,4
DA:175,4
DA:176,4
DA:177,2
DA:180,1
DA:181,2
DA:182,2
DA:184,1
DA:185,2
DA:187,2
DA:188,2
LF:96
LH:83
end_of_record
SF:lib/src/ble/mind_source.dart
DA:26,5
DA:27,15
DA:40,1
DA:41,2
DA:43,1
DA:46,5
DA:47,5
DA:49,1
DA:50,2
DA:52,2
DA:53,10
DA:54,4
DA:58,5
DA:60,5
DA:61,12
DA:62,2
DA:63,6
DA:64,6
DA:67,2
DA:68,2
DA:69,8
DA:70,6
DA:71,8
DA:72,8
DA:73,8
DA:74,8
DA:77,6
DA:80,12
DA:81,4
DA:83,4
DA:84,4
DA:86,2
DA:87,2
DA:88,2
DA:89,2
DA:90,2
DA:91,2
DA:92,2
DA:93,2
DA:94,2
DA:96,10
DA:102,2
DA:105,2
DA:106,4
DA:109,4
DA:111,8
DA:112,4
DA:115,4
DA:116,4
DA:117,4
DA:118,8
LF:51
LH:51
end_of_record
SF:lib/src/ble/neurosky_ble.dart
DA:14,1
DA:20,5
DA:36,11
DA:37,3
DA:38,5
DA:39,2
DA:40,1
DA:50,0
DA:63,0
DA:64,0
DA:66,0
DA:67,0
DA:68,0
DA:69,0
DA:71,0
DA:72,0
DA:74,0
DA:75,0
DA:80,1
DA:82,2
DA:83,0
DA:98,1
DA:99,2
DA:101,1
DA:102,1
DA:104,0
DA:105,0
DA:106,0
DA:107,0
DA:110,0
DA:112,0
DA:119,1
DA:120,1
DA:121,2
DA:124,0
DA:125,0
DA:137,1
DA:138,1
DA:139,1
DA:140,2
DA:141,3
DA:142,2
DA:144,1
DA:145,0
DA:164,0
DA:172,0
DA:174,0
DA:179,0
DA:181,0
DA:182,0
DA:183,0
DA:189,0
DA:191,0
DA:192,0
DA:193,0
DA:194,0
DA:198,0
DA:200,0
DA:206,0
DA:207,0
DA:209,0
DA:210,0
DA:212,0
DA:213,0
DA:214,0
DA:215,0
DA:218,0
DA:223,0
DA:226,0
DA:227,0
DA:230,0
DA:231,0
DA:233,0
DA:238,0
DA:239,0
DA:240,0
DA:244,0
DA:247,0
DA:249,0
DA:250,0
DA:251,0
DA:252,0
DA:253,0
DA:256,0
DA:263,0
DA:269,0
DA:272,0
DA:274,0
DA:276,0
DA:277,0
DA:278,0
DA:279,0
DA:281,0
DA:291,0
DA:297,0
DA:298,0
DA:305,0
DA:307,0
DA:308,0
DA:309,0
DA:310,0
DA:314,0
DA:315,0
DA:316,0
DA:320,0
DA:324,0
DA:325,0
DA:326,0
DA:327,0
DA:328,0
DA:329,0
DA:330,0
DA:331,0
DA:332,0
DA:333,0
DA:334,0
DA:335,0
DA:336,0
DA:337,0
DA:338,0
DA:339,0
DA:340,0
DA:341,0
DA:343,0
DA:344,0
DA:349,0
DA:351,0
DA:352,0
DA:353,0
DA:357,0
DA:358,0
DA:359,0
LF:132
LH:23
end_of_record
SF:lib/src/eeg/thinkgear_parser.dart
DA:6,2
DA:63,3
DA:64,3
DA:69,2
DA:70,6
DA:71,2
DA:72,6
DA:73,8
DA:76,6
DA:77,8
DA:80,4
DA:81,8
DA:82,4
DA:84,4
DA:85,6
DA:91,6
DA:92,8
DA:94,8
DA:95,8
DA:97,6
DA:99,2
DA:102,4
DA:103,4
DA:107,2
DA:123,4
DA:124,6
DA:125,6
DA:126,6
DA:127,8
DA:129,2
DA:131,2
DA:133,2
DA:136,2
DA:139,3
DA:140,4
DA:141,1
DA:142,3
DA:144,2
DA:146,1
DA:147,2
DA:148,2
DA:149,2
DA:150,2
DA:151,2
DA:152,2
DA:153,2
DA:154,1
DA:156,0
DA:157,1
DA:159,0
DA:163,1
DA:166,2
DA:183,1
DA:184,5
DA:185,6
DA:186,4
LF:56
LH:54
end_of_record
SF:lib/src/ble/spp_mind_source.dart
DA:11,2
DA:23,5
DA:28,12
DA:37,2
DA:38,4
DA:40,1
DA:41,1
DA:42,3
DA:47,1
DA:49,3
DA:50,1
DA:51,1
DA:52,4
DA:54,0
DA:55,0
DA:59,1
DA:61,3
DA:66,1
DA:67,1
DA:68,3
DA:69,1
DA:73,1
DA:74,4
DA:76,1
DA:77,1
DA:78,5
DA:79,1
DA:80,1
DA:81,1
DA:83,2
DA:84,3
DA:86,1
DA:87,2
DA:88,3
DA:100,2
DA:105,0
DA:119,1
DA:120,1
DA:122,2
DA:123,8
DA:125,2
DA:126,2
DA:128,1
DA:129,2
DA:131,2
DA:133,2
DA:134,4
DA:135,4
DA:136,4
DA:137,2
DA:138,6
DA:139,6
DA:140,5
DA:143,1
DA:144,2
DA:145,2
DA:146,2
DA:147,1
DA:148,1
DA:149,1
DA:150,2
DA:151,2
DA:152,2
DA:153,2
DA:154,2
DA:155,2
DA:156,2
DA:157,2
DA:159,5
DA:163,1
DA:165,2
DA:166,1
DA:167,2
DA:168,1
DA:169,3
DA:172,0
DA:173,0
DA:174,0
LF:78
LH:72
end_of_record
SF:lib/src/game/battle_theme.dart
DA:8,2
DA:46,4
DA:80,2
DA:81,9
LF:4
LH:4
end_of_record
SF:lib/src/i18n/l10n.dart
DA:6,6
DA:176,2
DA:177,2
DA:178,6
DA:180,1
DA:181,3
DA:182,2
DA:183,1
LF:8
LH:8
end_of_record
SF:lib/src/state/battle_theme_controller.dart
DA:13,4
DA:15,2
DA:16,8
DA:17,2
DA:18,2
DA:19,4
DA:22,2
DA:24,2
DA:25,3
DA:26,1
DA:27,2
DA:28,2
DA:29,1
DA:36,2
DA:38,2
DA:39,3
DA:40,1
LF:17
LH:17
end_of_record
SF:lib/src/state/mode_controller.dart
DA:11,2
DA:13,1
DA:14,2
DA:15,1
DA:16,1
LF:5
LH:5
end_of_record
SF:lib/src/state/progress_controller.dart
DA:17,2
DA:19,2
DA:20,3
DA:21,1
DA:22,2
DA:23,4
DA:24,2
DA:25,2
DA:26,2
DA:27,2
DA:28,1
DA:32,3
DA:33,3
DA:34,24
DA:38,3
DA:39,6
DA:40,3
DA:41,6
DA:42,6
DA:43,3
DA:44,3
DA:45,3
DA:49,3
DA:50,3
DA:51,6
DA:52,3
DA:53,2
DA:54,3
DA:55,1
DA:56,2
DA:57,4
DA:59,2
DA:60,2
DA:62,1
DA:65,3
DA:67,3
DA:69,16
DA:72,1
DA:73,2
DA:74,8
DA:77,3
DA:79,3
DA:80,3
DA:81,3
DA:82,1
DA:83,1
DA:84,1
DA:85,1
DA:86,1
LF:49
LH:49
end_of_record
SF:lib/src/game/games/balloon_game.dart
DA:25,2
DA:43,2
DA:45,2
DA:46,2
DA:47,12
DA:48,10
DA:51,6
DA:52,6
DA:54,2
DA:57,4
DA:58,6
DA:59,6
DA:62,2
DA:64,6
DA:65,6
DA:66,4
DA:67,8
DA:68,4
DA:71,10
DA:73,5
DA:75,6
DA:77,4
DA:78,4
DA:79,2
DA:80,4
DA:82,4
DA:83,18
DA:84,2
DA:85,2
DA:88,8
DA:91,1
DA:92,3
DA:94,2
DA:95,4
DA:97,2
DA:99,2
DA:104,2
DA:106,2
DA:107,2
DA:110,1
DA:112,1
DA:114,3
DA:115,1
DA:117,8
DA:122,2
DA:128,2
DA:130,2
DA:131,2
DA:134,1
DA:136,2
DA:139,1
DA:141,9
DA:142,3
DA:143,8
DA:145,1
DA:146,2
DA:147,1
DA:148,9
DA:149,1
DA:150,3
DA:152,6
DA:153,5
DA:154,4
DA:156,1
DA:157,3
DA:158,3
DA:159,3
DA:160,1
DA:161,4
DA:163,2
DA:164,2
DA:168,4
DA:170,3
DA:171,5
DA:172,1
DA:182,2
DA:183,2
DA:184,4
DA:185,6
DA:186,6
DA:187,6
DA:188,10
DA:189,8
DA:190,6
DA:194,1
DA:196,2
DA:197,2
DA:198,4
DA:199,4
DA:201,2
DA:204,1
DA:206,2
DA:207,9
DA:208,3
DA:214,2
LF:95
LH:95
end_of_record
SF:lib/src/game/mind_game_session.dart
DA:30,2
DA:36,1
DA:57,1
DA:58,1
DA:75,1
DA:77,1
DA:78,2
DA:82,1
DA:83,2
DA:84,8
DA:85,2
DA:86,3
DA:89,1
DA:90,1
DA:91,1
DA:92,2
DA:93,2
DA:94,1
DA:95,6
DA:96,2
DA:98,6
DA:99,3
DA:100,2
DA:101,1
DA:102,1
DA:106,1
DA:107,2
DA:108,3
DA:109,5
DA:111,1
DA:116,1
DA:117,2
DA:118,5
DA:119,2
DA:120,1
DA:121,1
DA:122,1
DA:126,1
DA:128,1
DA:129,1
DA:130,2
DA:131,1
DA:134,1
DA:136,2
DA:137,1
DA:138,1
DA:140,1
DA:142,1
DA:143,2
DA:144,1
DA:145,1
DA:146,1
DA:147,1
DA:149,1
DA:150,1
DA:151,1
DA:152,2
DA:153,1
DA:154,2
DA:161,2
DA:162,1
DA:163,8
DA:170,1
DA:171,1
DA:172,3
DA:173,2
DA:183,3
DA:184,2
DA:185,1
DA:191,1
DA:192,4
DA:193,1
DA:195,1
DA:196,1
DA:198,1
DA:199,3
DA:201,1
DA:202,2
DA:211,1
DA:213,1
DA:214,2
DA:216,2
DA:221,2
DA:228,1
DA:230,4
DA:231,1
DA:232,1
DA:233,1
DA:234,1
DA:236,1
DA:238,1
DA:239,4
DA:241,1
DA:243,1
DA:244,1
DA:245,1
DA:246,1
DA:247,3
DA:254,3
DA:259,3
DA:262,2
DA:263,1
DA:264,1
DA:265,2
DA:266,1
DA:267,2
DA:270,1
DA:271,0
DA:272,2
DA:283,1
DA:284,2
DA:285,1
DA:286,1
DA:287,3
DA:288,3
DA:290,1
DA:291,2
DA:292,3
DA:293,1
DA:301,1
DA:303,0
DA:305,0
DA:307,0
DA:309,1
DA:315,1
DA:320,1
DA:323,1
DA:325,1
DA:326,2
DA:331,2
DA:333,1
DA:335,1
DA:336,0
DA:338,2
DA:340,2
DA:341,1
DA:344,1
DA:346,1
DA:347,2
LF:139
LH:134
end_of_record
SF:lib/src/game/signal_processor.dart
DA:11,1
DA:24,2
DA:25,2
DA:28,1
DA:29,2
DA:30,2
DA:31,1
DA:32,1
DA:33,1
DA:34,1
DA:36,6
DA:37,6
DA:40,3
DA:41,2
DA:42,4
DA:47,4
DA:50,1
DA:51,3
DA:52,1
DA:58,3
DA:59,9
DA:67,4
DA:68,8
DA:69,8
DA:72,3
DA:73,18
DA:74,1
DA:75,2
DA:76,1
DA:78,11
DA:79,1
DA:82,9
DA:83,4
DA:84,9
DA:85,0
DA:87,1
DA:88,5
DA:89,1
DA:90,5
DA:97,3
DA:102,3
DA:103,6
DA:104,6
DA:105,6
DA:106,3
DA:107,5
DA:108,5
DA:109,1
DA:110,1
DA:118,3
DA:119,7
DA:120,9
DA:121,3
LF:53
LH:52
end_of_record
SF:lib/src/game/games/falcon_game.dart
DA:20,2
DA:33,2
DA:35,8
DA:36,4
DA:38,4
DA:39,6
DA:41,2
DA:43,6
DA:46,1
DA:49,2
DA:50,3
DA:55,0
DA:58,1
DA:59,4
DA:60,4
DA:61,2
DA:62,2
DA:63,5
DA:64,2
DA:65,4
DA:66,3
DA:67,1
DA:68,1
DA:71,2
DA:74,10
DA:75,3
DA:76,1
DA:79,4
DA:80,4
DA:81,4
DA:82,4
DA:83,12
DA:84,4
DA:85,12
DA:86,6
DA:87,12
DA:88,10
DA:92,4
DA:93,2
DA:94,4
DA:95,4
DA:96,1
DA:97,1
DA:98,2
DA:99,1
DA:102,2
DA:105,10
DA:106,6
DA:109,2
DA:110,6
DA:112,1
DA:113,1
DA:115,2
DA:117,2
DA:122,2
DA:123,8
DA:134,2
DA:139,2
DA:141,2
DA:142,2
DA:145,1
DA:146,2
DA:148,1
DA:150,4
DA:151,1
DA:152,8
DA:154,2
DA:155,9
DA:156,4
DA:158,2
DA:159,4
DA:160,3
DA:161,9
DA:162,3
DA:164,1
DA:165,1
DA:166,2
DA:167,1
DA:168,1
DA:169,1
DA:170,1
DA:171,4
DA:173,1
DA:174,2
DA:175,1
DA:176,1
DA:177,2
DA:178,0
DA:181,1
DA:182,1
DA:183,1
DA:184,1
DA:185,1
DA:186,1
DA:187,1
DA:188,4
DA:189,2
DA:190,2
DA:195,2
DA:196,0
DA:197,0
DA:203,0
DA:204,0
DA:205,0
DA:210,3
DA:213,1
DA:214,5
DA:215,2
DA:216,5
DA:217,2
DA:219,2
DA:220,2
DA:221,0
DA:222,5
DA:223,6
LF:115
LH:107
end_of_record
SF:lib/src/game/games/seesaw_game.dart
DA:19,2
DA:35,2
DA:37,6
DA:38,8
DA:42,2
DA:44,12
DA:45,4
DA:46,4
DA:47,6
DA:48,4
DA:51,2
DA:53,4
DA:54,2
DA:57,4
DA:58,8
DA:59,14
DA:60,6
DA:61,6
DA:62,18
DA:63,6
DA:65,12
DA:67,2
DA:68,2
DA:70,0
DA:72,2
DA:73,1
DA:74,1
DA:75,1
DA:77,12
DA:80,2
DA:82,6
DA:83,4
DA:86,1
DA:87,1
DA:95,2
DA:97,2
DA:98,2
DA:101,1
DA:102,2
DA:104,1
DA:105,2
DA:106,2
DA:112,1
DA:113,5
DA:114,2
DA:116,2
DA:119,1
DA:121,4
DA:123,3
DA:124,2
DA:125,4
DA:126,2
DA:128,1
DA:129,3
DA:130,2
DA:132,5
DA:133,1
DA:134,5
DA:135,1
DA:136,3
DA:138,1
DA:139,2
DA:140,6
DA:141,1
DA:142,1
DA:144,3
LF:66
LH:65
end_of_record
SF:lib/src/game/mental_games.dart
DA:15,0
DA:20,0
DA:22,0
DA:23,0
DA:24,0
DA:25,0
DA:26,0
DA:27,0
DA:28,0
DA:29,0
DA:30,0
DA:37,1
DA:64,4
DA:65,4
DA:67,3
DA:74,1
DA:80,3
DA:83,3
DA:90,1
DA:96,2
DA:99,3
DA:106,1
DA:112,3
DA:115,6
LF:24
LH:13
end_of_record
